{"uuid":"dc282267-f47e-454f-af7f-1b683cb52ec6","historyId":"b8f113e91389edee14f7ea1f4107b49d","fullName":"Validate user login functionality: As a locked user, user should not be logged in","labels":[{"name":"tag","value":"Regression"},{"name":"tag","value":"Login"},{"name":"host","value":"WKMZTD73A06D.global.publicisgroupe.net"},{"name":"thread","value":"74555@WKMZTD73A06D.global.publicisgroupe.net.TestNG-PoolService-1(15)"},{"name":"feature","value":"Validate user login functionality"},{"name":"story","value":"As a locked user, user should not be logged in"},{"name":"suite","value":"Validate user login functionality"},{"name":"testClass","value":"As a locked user, user should not be logged in"},{"name":"framework","value":"cucumber4jvm"},{"name":"language","value":"java"},{"name":"gherkin_uri","value":"file:///Users/venkorip2/Documents/git/sapient/hsbc-selenium-restassured/src/test/resources/ui/features/login.feature"},{"name":"package","value":"src.test.resources.ui.features.login_feature.Validate user login functionality"}],"links":[],"name":"As a locked user, user should not be logged in","status":"failed","statusDetails":{"known":false,"muted":false,"flaky":false,"message":"no such element: Unable to locate element: {\"method\":\"css selector\",\"selector\":\"h3[data-test='error']\"}\n  (Session info: chrome=98.0.4758.102)\nFor documentation on this error, please visit: https://selenium.dev/exceptions/#no_such_element\nBuild info: version: '4.1.2', revision: '9a5a329c5a'\nSystem info: host: 'WKMZTD73A06D.global.publicisgroupe.net', ip: '2a00:23c7:2a8d:9b01:dc47:9239:b99d:9fae%en0', os.name: 'Mac OS X', os.arch: 'x86_64', os.version: '10.15.7', java.version: '1.8.0_292'\nDriver info: org.openqa.selenium.chrome.ChromeDriver\nCommand: [f5b21cfb58aaf858cdd1ac11ea653f1e, findElement {using=css selector, value=h3[data-test='error']}]\nCapabilities {acceptInsecureCerts: false, browserName: chrome, browserVersion: 98.0.4758.102, chrome: {chromedriverVersion: 98.0.4758.102 (273bf7ac8c90..., userDataDir: /var/folders/20/02z4cpgx2w7...}, goog:chromeOptions: {debuggerAddress: localhost:52564}, javascriptEnabled: true, networkConnectionEnabled: false, pageLoadStrategy: normal, platform: MAC, platformName: MAC, proxy: Proxy(), se:cdp: ws://localhost:52564/devtoo..., se:cdpVersion: 98.0.4758.102, setWindowRect: true, strictFileInteractability: false, timeouts: {implicit: 0, pageLoad: 300000, script: 30000}, unhandledPromptBehavior: dismiss and notify, webauthn:extension:credBlob: true, webauthn:extension:largeBlob: true, webauthn:virtualAuthenticators: true}\nSession ID: f5b21cfb58aaf858cdd1ac11ea653f1e on page https://www.saucedemo.com/inventory.html","trace":"java.lang.AssertionError: no such element: Unable to locate element: {\"method\":\"css selector\",\"selector\":\"h3[data-test='error']\"}\n  (Session info: chrome=98.0.4758.102)\nFor documentation on this error, please visit: https://selenium.dev/exceptions/#no_such_element\nBuild info: version: '4.1.2', revision: '9a5a329c5a'\nSystem info: host: 'WKMZTD73A06D.global.publicisgroupe.net', ip: '2a00:23c7:2a8d:9b01:dc47:9239:b99d:9fae%en0', os.name: 'Mac OS X', os.arch: 'x86_64', os.version: '10.15.7', java.version: '1.8.0_292'\nDriver info: org.openqa.selenium.chrome.ChromeDriver\nCommand: [f5b21cfb58aaf858cdd1ac11ea653f1e, findElement {using=css selector, value=h3[data-test='error']}]\nCapabilities {acceptInsecureCerts: false, browserName: chrome, browserVersion: 98.0.4758.102, chrome: {chromedriverVersion: 98.0.4758.102 (273bf7ac8c90..., userDataDir: /var/folders/20/02z4cpgx2w7...}, goog:chromeOptions: {debuggerAddress: localhost:52564}, javascriptEnabled: true, networkConnectionEnabled: false, pageLoadStrategy: normal, platform: MAC, platformName: MAC, proxy: Proxy(), se:cdp: ws://localhost:52564/devtoo..., se:cdpVersion: 98.0.4758.102, setWindowRect: true, strictFileInteractability: false, timeouts: {implicit: 0, pageLoad: 300000, script: 30000}, unhandledPromptBehavior: dismiss and notify, webauthn:extension:credBlob: true, webauthn:extension:largeBlob: true, webauthn:virtualAuthenticators: true}\nSession ID: f5b21cfb58aaf858cdd1ac11ea653f1e on page https://www.saucedemo.com/inventory.html\n\tat org.testng.Assert.fail(Assert.java:99)\n\tat com.hsbc.qe.ui.webdriver.DriverManagerUtils.handleException(DriverManagerUtils.java:351)\n\tat com.hsbc.qe.ui.webdriver.DriverManagerUtils.getElementText(DriverManagerUtils.java:430)\n\tat com.hsbc.qe.ui.stepdefinitions.PrebuiltAssertionSteps.verifyTheElementTextPartiallyWithListDataTable(PrebuiltAssertionSteps.java:62)\n\tat ✽.I verify that the following message should be included in the text of the \"loginButtonError\" field on the \"LoginPage\" page(file:///Users/venkorip2/Documents/git/sapient/hsbc-selenium-restassured/src/test/resources/ui/features/login.feature:17)\n"},"stage":"finished","steps":[{"name":"Given  I am in App main site","status":"passed","statusDetails":{"known":false,"muted":false,"flaky":false},"stage":"finished","steps":[],"attachments":[],"parameters":[],"start":1645485180073,"stop":1645485180466},{"name":"And  I enter the value \"locked_out_user\" into the \"usernameInput\" on the \"LoginPage\" page","status":"passed","statusDetails":{"known":false,"muted":false,"flaky":false},"stage":"finished","steps":[],"attachments":[],"parameters":[],"start":1645485180467,"stop":1645485181362},{"name":"And  I enter the value \"secret_sauce\" into the \"passwordInput\" on the \"LoginPage\" page","status":"passed","statusDetails":{"known":false,"muted":false,"flaky":false},"stage":"finished","steps":[],"attachments":[],"parameters":[],"start":1645485181363,"stop":1645485182440},{"name":"When  I click the \"loginButton\" on the \"LoginPage\" page","status":"passed","statusDetails":{"known":false,"muted":false,"flaky":false},"stage":"finished","steps":[],"attachments":[],"parameters":[],"start":1645485182446,"stop":1645485182975},{"name":"And  I verify that the following message should be included in the text of the \"loginButtonError\" field on the \"LoginPage\" page","status":"failed","statusDetails":{"known":false,"muted":false,"flaky":false,"message":"no such element: Unable to locate element: {\"method\":\"css selector\",\"selector\":\"h3[data-test='error']\"}\n  (Session info: chrome=98.0.4758.102)\nFor documentation on this error, please visit: https://selenium.dev/exceptions/#no_such_element\nBuild info: version: '4.1.2', revision: '9a5a329c5a'\nSystem info: host: 'WKMZTD73A06D.global.publicisgroupe.net', ip: '2a00:23c7:2a8d:9b01:dc47:9239:b99d:9fae%en0', os.name: 'Mac OS X', os.arch: 'x86_64', os.version: '10.15.7', java.version: '1.8.0_292'\nDriver info: org.openqa.selenium.chrome.ChromeDriver\nCommand: [f5b21cfb58aaf858cdd1ac11ea653f1e, findElement {using=css selector, value=h3[data-test='error']}]\nCapabilities {acceptInsecureCerts: false, browserName: chrome, browserVersion: 98.0.4758.102, chrome: {chromedriverVersion: 98.0.4758.102 (273bf7ac8c90..., userDataDir: /var/folders/20/02z4cpgx2w7...}, goog:chromeOptions: {debuggerAddress: localhost:52564}, javascriptEnabled: true, networkConnectionEnabled: false, pageLoadStrategy: normal, platform: MAC, platformName: MAC, proxy: Proxy(), se:cdp: ws://localhost:52564/devtoo..., se:cdpVersion: 98.0.4758.102, setWindowRect: true, strictFileInteractability: false, timeouts: {implicit: 0, pageLoad: 300000, script: 30000}, unhandledPromptBehavior: dismiss and notify, webauthn:extension:credBlob: true, webauthn:extension:largeBlob: true, webauthn:virtualAuthenticators: true}\nSession ID: f5b21cfb58aaf858cdd1ac11ea653f1e on page https://www.saucedemo.com/inventory.html","trace":"java.lang.AssertionError: no such element: Unable to locate element: {\"method\":\"css selector\",\"selector\":\"h3[data-test='error']\"}\n  (Session info: chrome=98.0.4758.102)\nFor documentation on this error, please visit: https://selenium.dev/exceptions/#no_such_element\nBuild info: version: '4.1.2', revision: '9a5a329c5a'\nSystem info: host: 'WKMZTD73A06D.global.publicisgroupe.net', ip: '2a00:23c7:2a8d:9b01:dc47:9239:b99d:9fae%en0', os.name: 'Mac OS X', os.arch: 'x86_64', os.version: '10.15.7', java.version: '1.8.0_292'\nDriver info: org.openqa.selenium.chrome.ChromeDriver\nCommand: [f5b21cfb58aaf858cdd1ac11ea653f1e, findElement {using=css selector, value=h3[data-test='error']}]\nCapabilities {acceptInsecureCerts: false, browserName: chrome, browserVersion: 98.0.4758.102, chrome: {chromedriverVersion: 98.0.4758.102 (273bf7ac8c90..., userDataDir: /var/folders/20/02z4cpgx2w7...}, goog:chromeOptions: {debuggerAddress: localhost:52564}, javascriptEnabled: true, networkConnectionEnabled: false, pageLoadStrategy: normal, platform: MAC, platformName: MAC, proxy: Proxy(), se:cdp: ws://localhost:52564/devtoo..., se:cdpVersion: 98.0.4758.102, setWindowRect: true, strictFileInteractability: false, timeouts: {implicit: 0, pageLoad: 300000, script: 30000}, unhandledPromptBehavior: dismiss and notify, webauthn:extension:credBlob: true, webauthn:extension:largeBlob: true, webauthn:virtualAuthenticators: true}\nSession ID: f5b21cfb58aaf858cdd1ac11ea653f1e on page https://www.saucedemo.com/inventory.html\n\tat org.testng.Assert.fail(Assert.java:99)\n\tat com.hsbc.qe.ui.webdriver.DriverManagerUtils.handleException(DriverManagerUtils.java:351)\n\tat com.hsbc.qe.ui.webdriver.DriverManagerUtils.getElementText(DriverManagerUtils.java:430)\n\tat com.hsbc.qe.ui.stepdefinitions.PrebuiltAssertionSteps.verifyTheElementTextPartiallyWithListDataTable(PrebuiltAssertionSteps.java:62)\n\tat ✽.I verify that the following message should be included in the text of the \"loginButtonError\" field on the \"LoginPage\" page(file:///Users/venkorip2/Documents/git/sapient/hsbc-selenium-restassured/src/test/resources/ui/features/login.feature:17)\n"},"stage":"finished","steps":[],"attachments":[{"name":"Data table","source":"82cd9fc1-1810-48c7-9622-0b88f7aa77bd-attachment.csv","type":"text/tab-separated-values"}],"parameters":[],"start":1645485182976,"stop":1645485213234}],"attachments":[],"parameters":[],"start":1645485173078,"stop":1645485214750}